<?xml version="1.0" encoding="UTF-8"?>
<!-- Generated by org.testng.reporters.JUnitReportReporter -->
<testsuite hostname="DESKTOP-EP6G3N2" failures="0" tests="1" name="gozayaan.testcases.profile" time="19.052" errors="0" timestamp="2022-06-13T17:11:08 BDT" skipped="0">
  <testcase classname="gozayaan.testcases.profile" name="goPofile" time="19.052"/>
  <system-out/>
</testsuite> <!-- gozayaan.testcases.profile -->
