<?xml version="1.0" encoding="UTF-8"?>
<!-- Generated by org.testng.reporters.JUnitReportReporter -->
<testsuite hostname="DESKTOP-EP6G3N2" failures="0" tests="1" name="gozayaan.testcases.profile" time="16.349" errors="0" timestamp="2022-06-19T01:00:26 BDT" skipped="0">
  <testcase classname="gozayaan.testcases.profile" name="goPofile" time="16.349"/>
  <system-out/>
</testsuite> <!-- gozayaan.testcases.profile -->
