<?xml version="1.0" encoding="UTF-8"?>
<!-- Generated by org.testng.reporters.JUnitReportReporter -->
<testsuite hostname="DESKTOP-EP6G3N2" failures="0" tests="1" name="gozayaan.testcases.login" time="6.684" errors="0" timestamp="2022-06-19T01:00:26 BDT" skipped="0">
  <testcase classname="gozayaan.testcases.login" name="goLogin" time="6.684"/>
  <system-out/>
</testsuite> <!-- gozayaan.testcases.login -->
