<?xml version="1.0" encoding="UTF-8"?>
<!-- Generated by org.testng.reporters.JUnitReportReporter -->
<testsuite hostname="DESKTOP-EP6G3N2" failures="0" tests="1" name="gozayaan.testcases.roundWayFlight" time="14.764" errors="0" timestamp="2022-06-19T01:00:26 BDT" skipped="0">
  <testcase classname="gozayaan.testcases.roundWayFlight" name="goRoundWayFlight" time="14.764"/>
  <system-out/>
</testsuite> <!-- gozayaan.testcases.roundWayFlight -->
