<?xml version="1.0" encoding="UTF-8"?>
<!-- Generated by org.testng.reporters.JUnitReportReporter -->
<testsuite hostname="DESKTOP-EP6G3N2" failures="0" tests="1" name="GoZayaanSetUp.Flights" time="3.126" errors="0" timestamp="2022-06-07T17:59:37 BDT" skipped="0">
  <testcase classname="GoZayaanSetUp.Flights" name="flight" time="3.126"/>
  <system-out/>
</testsuite> <!-- GoZayaanSetUp.Flights -->
