<?xml version="1.0" encoding="UTF-8"?>
<!-- Generated by org.testng.reporters.JUnitReportReporter -->
<testsuite hostname="DESKTOP-EP6G3N2" failures="0" tests="1" name="gozayaan.testcases.oneWayFlight" time="9.737" errors="0" timestamp="2022-06-19T01:00:26 BDT" skipped="0">
  <testcase classname="gozayaan.testcases.oneWayFlight" name="goOneWayFlightlight" time="9.737"/>
  <system-out/>
</testsuite> <!-- gozayaan.testcases.oneWayFlight -->
